This is pdfTeX, Version 3.141592653-2.6-1.40.24 (MiKTeX 22.1) (preloaded format=pdflatex 2023.4.4)  22 AUG 2023 15:57
entering extended mode
 restricted \write18 enabled.
 %&-line parsing enabled.
**"./Ripasso Sistemi Operativi.tex"
(Ripasso Sistemi Operativi.tex
LaTeX2e <2022-11-01> patch level 1
L3 programming layer <2023-02-22>
(/Users/matteofranchini/Library/Application Support/MiKTeX/texmfs/install/tex/l
atex/beamer/beamer.cls
Document Class: beamer 2023/05/15 v3.70 A class for typesetting presentations

(/Users/matteofranchini/Library/Application Support/MiKTeX/texmfs/install/tex/l
atex/beamer/beamerbasemodes.sty
(/Users/matteofranchini/Library/Application Support/MiKTeX/texmfs/install/tex/l
atex/etoolbox/etoolbox.sty
Package: etoolbox 2020/10/05 v2.5k e-TeX tools for LaTeX (JAW)
\etb@tempcnta=\count185
)
\beamer@tempbox=\box51
\beamer@tempcount=\count186
\c@beamerpauses=\count187

(/Users/matteofranchini/Library/Application Support/MiKTeX/texmfs/install/tex/l
atex/beamer/beamerbasedecode.sty
\beamer@slideinframe=\count188
\beamer@minimum=\count189
\beamer@decode@box=\box52
)
\beamer@commentbox=\box53
\beamer@modecount=\count190
)
(/Users/matteofranchini/Library/Application Support/MiKTeX/texmfs/install/tex/g
eneric/iftex/iftex.sty
Package: iftex 2020/03/06 v1.0d TeX engine tests
)
\headdp=\dimen140
\footheight=\dimen141
\sidebarheight=\dimen142
\beamer@tempdim=\dimen143
\beamer@finalheight=\dimen144
\beamer@animht=\dimen145
\beamer@animdp=\dimen146
\beamer@animwd=\dimen147
\beamer@leftmargin=\dimen148
\beamer@rightmargin=\dimen149
\beamer@leftsidebar=\dimen150
\beamer@rightsidebar=\dimen151
\beamer@boxsize=\dimen152
\beamer@vboxoffset=\dimen153
\beamer@descdefault=\dimen154
\beamer@descriptionwidth=\dimen155
\beamer@lastskip=\skip48
\beamer@areabox=\box54
\beamer@animcurrent=\box55
\beamer@animshowbox=\box56
\beamer@sectionbox=\box57
\beamer@logobox=\box58
\beamer@linebox=\box59
\beamer@sectioncount=\count191
\beamer@subsubsectionmax=\count192
\beamer@subsectionmax=\count193
\beamer@sectionmax=\count194
\beamer@totalheads=\count195
\beamer@headcounter=\count196
\beamer@partstartpage=\count197
\beamer@sectionstartpage=\count198
\beamer@subsectionstartpage=\count199
\beamer@animationtempa=\count266
\beamer@animationtempb=\count267
\beamer@xpos=\count268
\beamer@ypos=\count269
\beamer@ypos@offset=\count270
\beamer@showpartnumber=\count271
\beamer@currentsubsection=\count272
\beamer@coveringdepth=\count273
\beamer@sectionadjust=\count274
\beamer@toclastsection=\count275
\beamer@tocsectionnumber=\count276

(/Users/matteofranchini/Library/Application Support/MiKTeX/texmfs/install/tex/l
atex/beamer/beamerbaseoptions.sty
(/Users/matteofranchini/Library/Application Support/MiKTeX/texmfs/install/tex/l
atex/graphics/keyval.sty
Package: keyval 2022/05/29 v1.15 key=value parser (DPC)
\KV@toks@=\toks16
))
\beamer@paperwidth=\skip49
\beamer@paperheight=\skip50

(/Users/matteofranchini/Library/Application Support/MiKTeX/texmfs/install/tex/l
atex/geometry/geometry.sty
Package: geometry 2020/01/02 v5.9 Page Geometry

(/Users/matteofranchini/Library/Application Support/MiKTeX/texmfs/install/tex/g
eneric/iftex/ifvtex.sty
Package: ifvtex 2019/10/25 v1.7 ifvtex legacy package. Use iftex instead.
)
\Gm@cnth=\count277
\Gm@cntv=\count278
\c@Gm@tempcnt=\count279
\Gm@bindingoffset=\dimen156
\Gm@wd@mp=\dimen157
\Gm@odd@mp=\dimen158
\Gm@even@mp=\dimen159
\Gm@layoutwidth=\dimen160
\Gm@layoutheight=\dimen161
\Gm@layouthoffset=\dimen162
\Gm@layoutvoffset=\dimen163
\Gm@dimlist=\toks17

(/Users/matteofranchini/Library/Application Support/MiKTeX/texmfs/install/tex/l
atex/geometry/geometry.cfg))
(/Users/matteofranchini/Library/Application Support/MiKTeX/texmfs/install/tex/l
atex/pgf/math/pgfmath.sty
(/Users/matteofranchini/Library/Application Support/MiKTeX/texmfs/install/tex/l
atex/pgf/utilities/pgfrcs.sty
(/Users/matteofranchini/Library/Application Support/MiKTeX/texmfs/install/tex/g
eneric/pgf/utilities/pgfutil-common.tex
\pgfutil@everybye=\toks18
\pgfutil@tempdima=\dimen164
\pgfutil@tempdimb=\dimen165
)
(/Users/matteofranchini/Library/Application Support/MiKTeX/texmfs/install/tex/g
eneric/pgf/utilities/pgfutil-latex.def
\pgfutil@abb=\box60
)
(/Users/matteofranchini/Library/Application Support/MiKTeX/texmfs/install/tex/g
eneric/pgf/utilities/pgfrcs.code.tex
(/Users/matteofranchini/Library/Application Support/MiKTeX/texmfs/install/tex/g
eneric/pgf/pgf.revision.tex)
Package: pgfrcs 2023-01-15 v3.1.10 (3.1.10)
))
(/Users/matteofranchini/Library/Application Support/MiKTeX/texmfs/install/tex/l
atex/pgf/utilities/pgfkeys.sty
(/Users/matteofranchini/Library/Application Support/MiKTeX/texmfs/install/tex/g
eneric/pgf/utilities/pgfkeys.code.tex
\pgfkeys@pathtoks=\toks19
\pgfkeys@temptoks=\toks20

(/Users/matteofranchini/Library/Application Support/MiKTeX/texmfs/install/tex/g
eneric/pgf/utilities/pgfkeyslibraryfiltered.code.tex
\pgfkeys@tmptoks=\toks21
)))
(/Users/matteofranchini/Library/Application Support/MiKTeX/texmfs/install/tex/g
eneric/pgf/math/pgfmath.code.tex
(/Users/matteofranchini/Library/Application Support/MiKTeX/texmfs/install/tex/g
eneric/pgf/math/pgfmathutil.code.tex
\pgf@x=\dimen166
\pgf@xa=\dimen167
\pgf@xb=\dimen168
\pgf@xc=\dimen169
\pgf@y=\dimen170
\pgf@ya=\dimen171
\pgf@yb=\dimen172
\pgf@yc=\dimen173
\c@pgf@counta=\count280
\c@pgf@countb=\count281
\c@pgf@countc=\count282
\c@pgf@countd=\count283
)
(/Users/matteofranchini/Library/Application Support/MiKTeX/texmfs/install/tex/g
eneric/pgf/math/pgfmathparser.code.tex
\pgfmath@dimen=\dimen174
\pgfmath@count=\count284
\pgfmath@box=\box61
\pgfmath@toks=\toks22
\pgfmath@stack@operand=\toks23
\pgfmath@stack@operation=\toks24
)
(/Users/matteofranchini/Library/Application Support/MiKTeX/texmfs/install/tex/g
eneric/pgf/math/pgfmathfunctions.code.tex)
(/Users/matteofranchini/Library/Application Support/MiKTeX/texmfs/install/tex/g
eneric/pgf/math/pgfmathfunctions.basic.code.tex)
(/Users/matteofranchini/Library/Application Support/MiKTeX/texmfs/install/tex/g
eneric/pgf/math/pgfmathfunctions.trigonometric.code.tex)
(/Users/matteofranchini/Library/Application Support/MiKTeX/texmfs/install/tex/g
eneric/pgf/math/pgfmathfunctions.random.code.tex)
(/Users/matteofranchini/Library/Application Support/MiKTeX/texmfs/install/tex/g
eneric/pgf/math/pgfmathfunctions.comparison.code.tex)
(/Users/matteofranchini/Library/Application Support/MiKTeX/texmfs/install/tex/g
eneric/pgf/math/pgfmathfunctions.base.code.tex)
(/Users/matteofranchini/Library/Application Support/MiKTeX/texmfs/install/tex/g
eneric/pgf/math/pgfmathfunctions.round.code.tex)
(/Users/matteofranchini/Library/Application Support/MiKTeX/texmfs/install/tex/g
eneric/pgf/math/pgfmathfunctions.misc.code.tex)
(/Users/matteofranchini/Library/Application Support/MiKTeX/texmfs/install/tex/g
eneric/pgf/math/pgfmathfunctions.integerarithmetics.code.tex)
(/Users/matteofranchini/Library/Application Support/MiKTeX/texmfs/install/tex/g
eneric/pgf/math/pgfmathcalc.code.tex)
(/Users/matteofranchini/Library/Application Support/MiKTeX/texmfs/install/tex/g
eneric/pgf/math/pgfmathfloat.code.tex
\c@pgfmathroundto@lastzeros=\count285
)))
(/Users/matteofranchini/Library/Application Support/MiKTeX/texmfs/install/tex/l
atex/base/size11.clo
File: size11.clo 2022/07/02 v1.4n Standard LaTeX file (size option)
)
(/Users/matteofranchini/Library/Application Support/MiKTeX/texmfs/install/tex/l
atex/pgf/basiclayer/pgfcore.sty
(/Users/matteofranchini/Library/Application Support/MiKTeX/texmfs/install/tex/l
atex/graphics/graphicx.sty
Package: graphicx 2021/09/16 v1.2d Enhanced LaTeX Graphics (DPC,SPQR)

(/Users/matteofranchini/Library/Application Support/MiKTeX/texmfs/install/tex/l
atex/graphics/graphics.sty
Package: graphics 2022/03/10 v1.4e Standard LaTeX Graphics (DPC,SPQR)

(/Users/matteofranchini/Library/Application Support/MiKTeX/texmfs/install/tex/l
atex/graphics/trig.sty
Package: trig 2021/08/11 v1.11 sin cos tan (DPC)
)
(/Users/matteofranchini/Library/Application Support/MiKTeX/texmfs/install/tex/l
atex/graphics-cfg/graphics.cfg
File: graphics.cfg 2016/06/04 v1.11 sample graphics configuration
)
Package graphics Info: Driver file: pdftex.def on input line 107.

(/Users/matteofranchini/Library/Application Support/MiKTeX/texmfs/install/tex/l
atex/graphics-def/pdftex.def
File: pdftex.def 2022/09/22 v1.2b Graphics/color driver for pdftex
))
\Gin@req@height=\dimen175
\Gin@req@width=\dimen176
)
(/Users/matteofranchini/Library/Application Support/MiKTeX/texmfs/install/tex/l
atex/pgf/systemlayer/pgfsys.sty
(/Users/matteofranchini/Library/Application Support/MiKTeX/texmfs/install/tex/g
eneric/pgf/systemlayer/pgfsys.code.tex
Package: pgfsys 2023-01-15 v3.1.10 (3.1.10)
\pgf@x=\dimen177
\pgf@y=\dimen178
\pgf@xa=\dimen179
\pgf@ya=\dimen180
\pgf@xb=\dimen181
\pgf@yb=\dimen182
\pgf@xc=\dimen183
\pgf@yc=\dimen184
\pgf@xd=\dimen185
\pgf@yd=\dimen186
\w@pgf@writea=\write3
\r@pgf@reada=\read2
\c@pgf@counta=\count286
\c@pgf@countb=\count287
\c@pgf@countc=\count288
\c@pgf@countd=\count289
\t@pgf@toka=\toks25
\t@pgf@tokb=\toks26
\t@pgf@tokc=\toks27
\pgf@sys@id@count=\count290

(/Users/matteofranchini/Library/Application Support/MiKTeX/texmfs/install/tex/g
eneric/pgf/systemlayer/pgf.cfg
File: pgf.cfg 2023-01-15 v3.1.10 (3.1.10)
)
Driver file for pgf: pgfsys-pdftex.def

(/Users/matteofranchini/Library/Application Support/MiKTeX/texmfs/install/tex/g
eneric/pgf/systemlayer/pgfsys-pdftex.def
File: pgfsys-pdftex.def 2023-01-15 v3.1.10 (3.1.10)

(/Users/matteofranchini/Library/Application Support/MiKTeX/texmfs/install/tex/g
eneric/pgf/systemlayer/pgfsys-common-pdf.def
File: pgfsys-common-pdf.def 2023-01-15 v3.1.10 (3.1.10)
)))
(/Users/matteofranchini/Library/Application Support/MiKTeX/texmfs/install/tex/g
eneric/pgf/systemlayer/pgfsyssoftpath.code.tex
File: pgfsyssoftpath.code.tex 2023-01-15 v3.1.10 (3.1.10)
\pgfsyssoftpath@smallbuffer@items=\count291
\pgfsyssoftpath@bigbuffer@items=\count292
)
(/Users/matteofranchini/Library/Application Support/MiKTeX/texmfs/install/tex/g
eneric/pgf/systemlayer/pgfsysprotocol.code.tex
File: pgfsysprotocol.code.tex 2023-01-15 v3.1.10 (3.1.10)
))
(/Users/matteofranchini/Library/Application Support/MiKTeX/texmfs/install/tex/l
atex/xcolor/xcolor.sty
Package: xcolor 2022/06/12 v2.14 LaTeX color extensions (UK)

(/Users/matteofranchini/Library/Application Support/MiKTeX/texmfs/install/tex/l
atex/graphics-cfg/color.cfg
File: color.cfg 2016/01/02 v1.6 sample color configuration
)
Package xcolor Info: Driver file: pdftex.def on input line 227.

(/Users/matteofranchini/Library/Application Support/MiKTeX/texmfs/install/tex/l
atex/graphics/mathcolor.ltx)
Package xcolor Info: Model `cmy' substituted by `cmy0' on input line 1353.
Package xcolor Info: Model `hsb' substituted by `rgb' on input line 1357.
Package xcolor Info: Model `RGB' extended on input line 1369.
Package xcolor Info: Model `HTML' substituted by `rgb' on input line 1371.
Package xcolor Info: Model `Hsb' substituted by `hsb' on input line 1372.
Package xcolor Info: Model `tHsb' substituted by `hsb' on input line 1373.
Package xcolor Info: Model `HSB' substituted by `hsb' on input line 1374.
Package xcolor Info: Model `Gray' substituted by `gray' on input line 1375.
Package xcolor Info: Model `wave' substituted by `hsb' on input line 1376.
)
(/Users/matteofranchini/Library/Application Support/MiKTeX/texmfs/install/tex/g
eneric/pgf/basiclayer/pgfcore.code.tex
Package: pgfcore 2023-01-15 v3.1.10 (3.1.10)

(/Users/matteofranchini/Library/Application Support/MiKTeX/texmfs/install/tex/g
eneric/pgf/math/pgfint.code.tex)
(/Users/matteofranchini/Library/Application Support/MiKTeX/texmfs/install/tex/g
eneric/pgf/basiclayer/pgfcorepoints.code.tex
File: pgfcorepoints.code.tex 2023-01-15 v3.1.10 (3.1.10)
\pgf@picminx=\dimen187
\pgf@picmaxx=\dimen188
\pgf@picminy=\dimen189
\pgf@picmaxy=\dimen190
\pgf@pathminx=\dimen191
\pgf@pathmaxx=\dimen192
\pgf@pathminy=\dimen193
\pgf@pathmaxy=\dimen194
\pgf@xx=\dimen195
\pgf@xy=\dimen196
\pgf@yx=\dimen197
\pgf@yy=\dimen198
\pgf@zx=\dimen199
\pgf@zy=\dimen256
)
(/Users/matteofranchini/Library/Application Support/MiKTeX/texmfs/install/tex/g
eneric/pgf/basiclayer/pgfcorepathconstruct.code.tex
File: pgfcorepathconstruct.code.tex 2023-01-15 v3.1.10 (3.1.10)
\pgf@path@lastx=\dimen257
\pgf@path@lasty=\dimen258
)
(/Users/matteofranchini/Library/Application Support/MiKTeX/texmfs/install/tex/g
eneric/pgf/basiclayer/pgfcorepathusage.code.tex
File: pgfcorepathusage.code.tex 2023-01-15 v3.1.10 (3.1.10)
\pgf@shorten@end@additional=\dimen259
\pgf@shorten@start@additional=\dimen260
)
(/Users/matteofranchini/Library/Application Support/MiKTeX/texmfs/install/tex/g
eneric/pgf/basiclayer/pgfcorescopes.code.tex
File: pgfcorescopes.code.tex 2023-01-15 v3.1.10 (3.1.10)
\pgfpic=\box62
\pgf@hbox=\box63
\pgf@layerbox@main=\box64
\pgf@picture@serial@count=\count293
)
(/Users/matteofranchini/Library/Application Support/MiKTeX/texmfs/install/tex/g
eneric/pgf/basiclayer/pgfcoregraphicstate.code.tex
File: pgfcoregraphicstate.code.tex 2023-01-15 v3.1.10 (3.1.10)
\pgflinewidth=\dimen261
)
(/Users/matteofranchini/Library/Application Support/MiKTeX/texmfs/install/tex/g
eneric/pgf/basiclayer/pgfcoretransformations.code.tex
File: pgfcoretransformations.code.tex 2023-01-15 v3.1.10 (3.1.10)
\pgf@pt@x=\dimen262
\pgf@pt@y=\dimen263
\pgf@pt@temp=\dimen264
)
(/Users/matteofranchini/Library/Application Support/MiKTeX/texmfs/install/tex/g
eneric/pgf/basiclayer/pgfcorequick.code.tex
File: pgfcorequick.code.tex 2023-01-15 v3.1.10 (3.1.10)
)
(/Users/matteofranchini/Library/Application Support/MiKTeX/texmfs/install/tex/g
eneric/pgf/basiclayer/pgfcoreobjects.code.tex
File: pgfcoreobjects.code.tex 2023-01-15 v3.1.10 (3.1.10)
)
(/Users/matteofranchini/Library/Application Support/MiKTeX/texmfs/install/tex/g
eneric/pgf/basiclayer/pgfcorepathprocessing.code.tex
File: pgfcorepathprocessing.code.tex 2023-01-15 v3.1.10 (3.1.10)
)
(/Users/matteofranchini/Library/Application Support/MiKTeX/texmfs/install/tex/g
eneric/pgf/basiclayer/pgfcorearrows.code.tex
File: pgfcorearrows.code.tex 2023-01-15 v3.1.10 (3.1.10)
\pgfarrowsep=\dimen265
)
(/Users/matteofranchini/Library/Application Support/MiKTeX/texmfs/install/tex/g
eneric/pgf/basiclayer/pgfcoreshade.code.tex
File: pgfcoreshade.code.tex 2023-01-15 v3.1.10 (3.1.10)
\pgf@max=\dimen266
\pgf@sys@shading@range@num=\count294
\pgf@shadingcount=\count295
)
(/Users/matteofranchini/Library/Application Support/MiKTeX/texmfs/install/tex/g
eneric/pgf/basiclayer/pgfcoreimage.code.tex
File: pgfcoreimage.code.tex 2023-01-15 v3.1.10 (3.1.10)
)
(/Users/matteofranchini/Library/Application Support/MiKTeX/texmfs/install/tex/g
eneric/pgf/basiclayer/pgfcoreexternal.code.tex
File: pgfcoreexternal.code.tex 2023-01-15 v3.1.10 (3.1.10)
\pgfexternal@startupbox=\box65
)
(/Users/matteofranchini/Library/Application Support/MiKTeX/texmfs/install/tex/g
eneric/pgf/basiclayer/pgfcorelayers.code.tex
File: pgfcorelayers.code.tex 2023-01-15 v3.1.10 (3.1.10)
)
(/Users/matteofranchini/Library/Application Support/MiKTeX/texmfs/install/tex/g
eneric/pgf/basiclayer/pgfcoretransparency.code.tex
File: pgfcoretransparency.code.tex 2023-01-15 v3.1.10 (3.1.10)
)
(/Users/matteofranchini/Library/Application Support/MiKTeX/texmfs/install/tex/g
eneric/pgf/basiclayer/pgfcorepatterns.code.tex
File: pgfcorepatterns.code.tex 2023-01-15 v3.1.10 (3.1.10)
)
(/Users/matteofranchini/Library/Application Support/MiKTeX/texmfs/install/tex/g
eneric/pgf/basiclayer/pgfcorerdf.code.tex
File: pgfcorerdf.code.tex 2023-01-15 v3.1.10 (3.1.10)
)))
(/Users/matteofranchini/Library/Application Support/MiKTeX/texmfs/install/tex/l
atex/pgf/utilities/xxcolor.sty
Package: xxcolor 2003/10/24 ver 0.1
\XC@nummixins=\count296
\XC@countmixins=\count297
)
(/Users/matteofranchini/Library/Application Support/MiKTeX/texmfs/install/tex/l
atex/base/atbegshi-ltx.sty
Package: atbegshi-ltx 2021/01/10 v1.0c Emulation of the original atbegshi
package with kernel methods
)
(/Users/matteofranchini/Library/Application Support/MiKTeX/texmfs/install/tex/l
atex/hyperref/hyperref.sty
Package: hyperref 2023-02-07 v7.00v Hypertext links for LaTeX

(/Users/matteofranchini/Library/Application Support/MiKTeX/texmfs/install/tex/g
eneric/ltxcmds/ltxcmds.sty
Package: ltxcmds 2020-05-10 v1.25 LaTeX kernel commands for general use (HO)
)
(/Users/matteofranchini/Library/Application Support/MiKTeX/texmfs/install/tex/g
eneric/pdftexcmds/pdftexcmds.sty
Package: pdftexcmds 2020-06-27 v0.33 Utility functions of pdfTeX for LuaTeX (HO
)

(/Users/matteofranchini/Library/Application Support/MiKTeX/texmfs/install/tex/g
eneric/infwarerr/infwarerr.sty
Package: infwarerr 2019/12/03 v1.5 Providing info/warning/error messages (HO)
)
Package pdftexcmds Info: \pdf@primitive is available.
Package pdftexcmds Info: \pdf@ifprimitive is available.
Package pdftexcmds Info: \pdfdraftmode found.
)
(/Users/matteofranchini/Library/Application Support/MiKTeX/texmfs/install/tex/l
atex/kvsetkeys/kvsetkeys.sty
Package: kvsetkeys 2022-10-05 v1.19 Key value parser (HO)
)
(/Users/matteofranchini/Library/Application Support/MiKTeX/texmfs/install/tex/g
eneric/kvdefinekeys/kvdefinekeys.sty
Package: kvdefinekeys 2019-12-19 v1.6 Define keys (HO)
)
(/Users/matteofranchini/Library/Application Support/MiKTeX/texmfs/install/tex/g
eneric/pdfescape/pdfescape.sty
Package: pdfescape 2019/12/09 v1.15 Implements pdfTeX's escape features (HO)
)
(/Users/matteofranchini/Library/Application Support/MiKTeX/texmfs/install/tex/l
atex/hycolor/hycolor.sty
Package: hycolor 2020-01-27 v1.10 Color options for hyperref/bookmark (HO)
)
(/Users/matteofranchini/Library/Application Support/MiKTeX/texmfs/install/tex/l
atex/letltxmacro/letltxmacro.sty
Package: letltxmacro 2019/12/03 v1.6 Let assignment for LaTeX macros (HO)
)
(/Users/matteofranchini/Library/Application Support/MiKTeX/texmfs/install/tex/l
atex/auxhook/auxhook.sty
Package: auxhook 2019-12-17 v1.6 Hooks for auxiliary files (HO)
)
(/Users/matteofranchini/Library/Application Support/MiKTeX/texmfs/install/tex/l
atex/hyperref/nameref.sty
Package: nameref 2022-05-17 v2.50 Cross-referencing by name of section

(/Users/matteofranchini/Library/Application Support/MiKTeX/texmfs/install/tex/l
atex/refcount/refcount.sty
Package: refcount 2019/12/15 v3.6 Data extraction from label references (HO)
)
(/Users/matteofranchini/Library/Application Support/MiKTeX/texmfs/install/tex/g
eneric/gettitlestring/gettitlestring.sty
Package: gettitlestring 2019/12/15 v1.6 Cleanup title references (HO)

(/Users/matteofranchini/Library/Application Support/MiKTeX/texmfs/install/tex/l
atex/kvoptions/kvoptions.sty
Package: kvoptions 2022-06-15 v3.15 Key value format for package options (HO)
))
\c@section@level=\count298
)
\@linkdim=\dimen267
\Hy@linkcounter=\count299
\Hy@pagecounter=\count300

(/Users/matteofranchini/Library/Application Support/MiKTeX/texmfs/install/tex/l
atex/hyperref/pd1enc.def
File: pd1enc.def 2023-02-07 v7.00v Hyperref: PDFDocEncoding definition (HO)
Now handling font encoding PD1 ...
... no UTF-8 mapping file for font encoding PD1
)
(/Users/matteofranchini/Library/Application Support/MiKTeX/texmfs/install/tex/g
eneric/intcalc/intcalc.sty
Package: intcalc 2019/12/15 v1.3 Expandable calculations with integers (HO)
)
(/Users/matteofranchini/Library/Application Support/MiKTeX/texmfs/install/tex/g
eneric/etexcmds/etexcmds.sty
Package: etexcmds 2019/12/15 v1.7 Avoid name clashes with e-TeX commands (HO)
)
\Hy@SavedSpaceFactor=\count301

(/Users/matteofranchini/Library/Application Support/MiKTeX/texmfs/install/tex/l
atex/hyperref/puenc.def
File: puenc.def 2023-02-07 v7.00v Hyperref: PDF Unicode definition (HO)
Now handling font encoding PU ...
... no UTF-8 mapping file for font encoding PU
)
Package hyperref Info: Option `bookmarks' set `true' on input line 4060.
Package hyperref Info: Option `bookmarksopen' set `true' on input line 4060.
Package hyperref Info: Option `implicit' set `false' on input line 4060.
Package hyperref Info: Hyper figures OFF on input line 4177.
Package hyperref Info: Link nesting OFF on input line 4182.
Package hyperref Info: Hyper index ON on input line 4185.
Package hyperref Info: Plain pages OFF on input line 4192.
Package hyperref Info: Backreferencing OFF on input line 4197.
Package hyperref Info: Implicit mode OFF; no redefinition of LaTeX internals.
Package hyperref Info: Bookmarks ON on input line 4425.
\c@Hy@tempcnt=\count302

(/Users/matteofranchini/Library/Application Support/MiKTeX/texmfs/install/tex/l
atex/url/url.sty
\Urlmuskip=\muskip16
Package: url 2013/09/16  ver 3.4  Verb mode for urls, etc.
)
LaTeX Info: Redefining \url on input line 4763.
\XeTeXLinkMargin=\dimen268

(/Users/matteofranchini/Library/Application Support/MiKTeX/texmfs/install/tex/g
eneric/bitset/bitset.sty
Package: bitset 2019/12/09 v1.3 Handle bit-vector datatype (HO)

(/Users/matteofranchini/Library/Application Support/MiKTeX/texmfs/install/tex/g
eneric/bigintcalc/bigintcalc.sty
Package: bigintcalc 2019/12/15 v1.5 Expandable calculations on big integers (HO
)
))
\Fld@menulength=\count303
\Field@Width=\dimen269
\Fld@charsize=\dimen270
Package hyperref Info: Hyper figures OFF on input line 6042.
Package hyperref Info: Link nesting OFF on input line 6047.
Package hyperref Info: Hyper index ON on input line 6050.
Package hyperref Info: backreferencing OFF on input line 6057.
Package hyperref Info: Link coloring OFF on input line 6062.
Package hyperref Info: Link coloring with OCG OFF on input line 6067.
Package hyperref Info: PDF/A mode OFF on input line 6072.
\Hy@abspage=\count304


Package hyperref Message: Stopped early.

)
Package hyperref Info: Driver (autodetected): hpdftex.

(/Users/matteofranchini/Library/Application Support/MiKTeX/texmfs/install/tex/l
atex/hyperref/hpdftex.def
File: hpdftex.def 2023-02-07 v7.00v Hyperref driver for pdfTeX

(/Users/matteofranchini/Library/Application Support/MiKTeX/texmfs/install/tex/l
atex/base/atveryend-ltx.sty
Package: atveryend-ltx 2020/08/19 v1.0a Emulation of the original atveryend pac
kage
with kernel methods
)
\Fld@listcount=\count305
\c@bookmark@seq@number=\count306

(/Users/matteofranchini/Library/Application Support/MiKTeX/texmfs/install/tex/l
atex/rerunfilecheck/rerunfilecheck.sty
Package: rerunfilecheck 2022-07-10 v1.10 Rerun checks for auxiliary files (HO)

(/Users/matteofranchini/Library/Application Support/MiKTeX/texmfs/install/tex/g
eneric/uniquecounter/uniquecounter.sty
Package: uniquecounter 2019/12/15 v1.4 Provide unlimited unique counter (HO)
)
Package uniquecounter Info: New unique counter `rerunfilecheck' on input line 2
85.
))
(/Users/matteofranchini/Library/Application Support/MiKTeX/texmfs/install/tex/l
atex/beamer/beamerbaserequires.sty
(/Users/matteofranchini/Library/Application Support/MiKTeX/texmfs/install/tex/l
atex/beamer/beamerbasecompatibility.sty)
(/Users/matteofranchini/Library/Application Support/MiKTeX/texmfs/install/tex/l
atex/beamer/beamerbasefont.sty
(/Users/matteofranchini/Library/Application Support/MiKTeX/texmfs/install/tex/l
atex/amsfonts/amssymb.sty
Package: amssymb 2013/01/14 v3.01 AMS font symbols

(/Users/matteofranchini/Library/Application Support/MiKTeX/texmfs/install/tex/l
atex/amsfonts/amsfonts.sty
Package: amsfonts 2013/01/14 v3.01 Basic AMSFonts support
\@emptytoks=\toks28
\symAMSa=\mathgroup4
\symAMSb=\mathgroup5
LaTeX Font Info:    Redeclaring math symbol \hbar on input line 98.
LaTeX Font Info:    Overwriting math alphabet `\mathfrak' in version `bold'
(Font)                  U/euf/m/n --> U/euf/b/n on input line 106.
))
(/Users/matteofranchini/Library/Application Support/MiKTeX/texmfs/install/tex/l
atex/sansmathaccent/sansmathaccent.sty
Package: sansmathaccent 2020/01/31

(/Users/matteofranchini/Library/Application Support/MiKTeX/texmfs/install/tex/l
atex/koma-script/scrlfile.sty
Package: scrlfile 2023/04/24 v3.40 KOMA-Script package (file load hooks)

(/Users/matteofranchini/Library/Application Support/MiKTeX/texmfs/install/tex/l
atex/koma-script/scrlfile-hook.sty
Package: scrlfile-hook 2023/04/24 v3.40 KOMA-Script package (using LaTeX hooks)


(/Users/matteofranchini/Library/Application Support/MiKTeX/texmfs/install/tex/l
atex/koma-script/scrlogo.sty
Package: scrlogo 2023/04/24 v3.40 KOMA-Script package (logo)
)))))
(/Users/matteofranchini/Library/Application Support/MiKTeX/texmfs/install/tex/l
atex/beamer/beamerbasetranslator.sty
(/Users/matteofranchini/Library/Application Support/MiKTeX/texmfs/install/tex/l
atex/translator/translator.sty
Package: translator 2021-05-31 v1.12d Easy translation of strings in LaTeX
))
(/Users/matteofranchini/Library/Application Support/MiKTeX/texmfs/install/tex/l
atex/beamer/beamerbasemisc.sty)
(/Users/matteofranchini/Library/Application Support/MiKTeX/texmfs/install/tex/l
atex/beamer/beamerbasetwoscreens.sty)
(/Users/matteofranchini/Library/Application Support/MiKTeX/texmfs/install/tex/l
atex/beamer/beamerbaseoverlay.sty
\beamer@argscount=\count307
\beamer@lastskipcover=\skip51
\beamer@trivlistdepth=\count308
)
(/Users/matteofranchini/Library/Application Support/MiKTeX/texmfs/install/tex/l
atex/beamer/beamerbasetitle.sty)
(/Users/matteofranchini/Library/Application Support/MiKTeX/texmfs/install/tex/l
atex/beamer/beamerbasesection.sty
\c@lecture=\count309
\c@part=\count310
\c@section=\count311
\c@subsection=\count312
\c@subsubsection=\count313
)
(/Users/matteofranchini/Library/Application Support/MiKTeX/texmfs/install/tex/l
atex/beamer/beamerbaseframe.sty
\beamer@framebox=\box66
\beamer@frametitlebox=\box67
\beamer@zoombox=\box68
\beamer@zoomcount=\count314
\beamer@zoomframecount=\count315
\beamer@frametextheight=\dimen271
\c@subsectionslide=\count316
\beamer@frametopskip=\skip52
\beamer@framebottomskip=\skip53
\beamer@frametopskipautobreak=\skip54
\beamer@framebottomskipautobreak=\skip55
\beamer@envbody=\toks29
\framewidth=\dimen272
\c@framenumber=\count317
)
(/Users/matteofranchini/Library/Application Support/MiKTeX/texmfs/install/tex/l
atex/beamer/beamerbaseverbatim.sty
\beamer@verbatimfileout=\write4
)
(/Users/matteofranchini/Library/Application Support/MiKTeX/texmfs/install/tex/l
atex/beamer/beamerbaseframesize.sty
\beamer@splitbox=\box69
\beamer@autobreakcount=\count318
\beamer@autobreaklastheight=\dimen273
\beamer@frametitletoks=\toks30
\beamer@framesubtitletoks=\toks31
)
(/Users/matteofranchini/Library/Application Support/MiKTeX/texmfs/install/tex/l
atex/beamer/beamerbaseframecomponents.sty
\beamer@footins=\box70
)
(/Users/matteofranchini/Library/Application Support/MiKTeX/texmfs/install/tex/l
atex/beamer/beamerbasecolor.sty)
(/Users/matteofranchini/Library/Application Support/MiKTeX/texmfs/install/tex/l
atex/beamer/beamerbasenotes.sty
\beamer@frameboxcopy=\box71
)
(/Users/matteofranchini/Library/Application Support/MiKTeX/texmfs/install/tex/l
atex/beamer/beamerbasetoc.sty)
(/Users/matteofranchini/Library/Application Support/MiKTeX/texmfs/install/tex/l
atex/beamer/beamerbasetemplates.sty
\beamer@sbttoks=\toks32

(/Users/matteofranchini/Library/Application Support/MiKTeX/texmfs/install/tex/l
atex/beamer/beamerbaseauxtemplates.sty
(/Users/matteofranchini/Library/Application Support/MiKTeX/texmfs/install/tex/l
atex/beamer/beamerbaseboxes.sty
\bmb@box=\box72
\bmb@colorbox=\box73
\bmb@boxwidth=\dimen274
\bmb@boxheight=\dimen275
\bmb@prevheight=\dimen276
\bmb@temp=\dimen277
\bmb@dima=\dimen278
\bmb@dimb=\dimen279
\bmb@prevheight=\dimen280
)
\beamer@blockheadheight=\dimen281
))
(/Users/matteofranchini/Library/Application Support/MiKTeX/texmfs/install/tex/l
atex/beamer/beamerbaselocalstructure.sty
(/Users/matteofranchini/Library/Application Support/MiKTeX/texmfs/install/tex/l
atex/tools/enumerate.sty
Package: enumerate 2015/07/23 v3.00 enumerate extensions (DPC)
\@enLab=\toks33
)
\beamer@bibiconwidth=\skip56
\c@figure=\count319
\c@table=\count320
\abovecaptionskip=\skip57
\belowcaptionskip=\skip58
)
(/Users/matteofranchini/Library/Application Support/MiKTeX/texmfs/install/tex/l
atex/beamer/beamerbasenavigation.sty
(/Users/matteofranchini/Library/Application Support/MiKTeX/texmfs/install/tex/l
atex/beamer/beamerbasenavigationsymbols.tex)
\beamer@section@min@dim=\dimen282
)
(/Users/matteofranchini/Library/Application Support/MiKTeX/texmfs/install/tex/l
atex/beamer/beamerbasetheorems.sty
(/Users/matteofranchini/Library/Application Support/MiKTeX/texmfs/install/tex/l
atex/amsmath/amsmath.sty
Package: amsmath 2022/04/08 v2.17n AMS math features
\@mathmargin=\skip59

For additional information on amsmath, use the `?' option.

(/Users/matteofranchini/Library/Application Support/MiKTeX/texmfs/install/tex/l
atex/amsmath/amstext.sty
Package: amstext 2021/08/26 v2.01 AMS text

(/Users/matteofranchini/Library/Application Support/MiKTeX/texmfs/install/tex/l
atex/amsmath/amsgen.sty
File: amsgen.sty 1999/11/30 v2.0 generic functions
\@emptytoks=\toks34
\ex@=\dimen283
))
(/Users/matteofranchini/Library/Application Support/MiKTeX/texmfs/install/tex/l
atex/amsmath/amsbsy.sty
Package: amsbsy 1999/11/29 v1.2d Bold Symbols
\pmbraise@=\dimen284
)
(/Users/matteofranchini/Library/Application Support/MiKTeX/texmfs/install/tex/l
atex/amsmath/amsopn.sty
Package: amsopn 2022/04/08 v2.04 operator names
)
\inf@bad=\count321
LaTeX Info: Redefining \frac on input line 234.
\uproot@=\count322
\leftroot@=\count323
LaTeX Info: Redefining \overline on input line 399.
LaTeX Info: Redefining \colon on input line 410.
\classnum@=\count324
\DOTSCASE@=\count325
LaTeX Info: Redefining \ldots on input line 496.
LaTeX Info: Redefining \dots on input line 499.
LaTeX Info: Redefining \cdots on input line 620.
\Mathstrutbox@=\box74
\strutbox@=\box75
LaTeX Info: Redefining \big on input line 722.
LaTeX Info: Redefining \Big on input line 723.
LaTeX Info: Redefining \bigg on input line 724.
LaTeX Info: Redefining \Bigg on input line 725.
\big@size=\dimen285
LaTeX Font Info:    Redeclaring font encoding OML on input line 743.
LaTeX Font Info:    Redeclaring font encoding OMS on input line 744.
\macc@depth=\count326
LaTeX Info: Redefining \bmod on input line 905.
LaTeX Info: Redefining \pmod on input line 910.
LaTeX Info: Redefining \smash on input line 940.
LaTeX Info: Redefining \relbar on input line 970.
LaTeX Info: Redefining \Relbar on input line 971.
\c@MaxMatrixCols=\count327
\dotsspace@=\muskip17
\c@parentequation=\count328
\dspbrk@lvl=\count329
\tag@help=\toks35
\row@=\count330
\column@=\count331
\maxfields@=\count332
\andhelp@=\toks36
\eqnshift@=\dimen286
\alignsep@=\dimen287
\tagshift@=\dimen288
\tagwidth@=\dimen289
\totwidth@=\dimen290
\lineht@=\dimen291
\@envbody=\toks37
\multlinegap=\skip60
\multlinetaggap=\skip61
\mathdisplay@stack=\toks38
LaTeX Info: Redefining \[ on input line 2953.
LaTeX Info: Redefining \] on input line 2954.
)
(/Users/matteofranchini/Library/Application Support/MiKTeX/texmfs/install/tex/l
atex/amscls/amsthm.sty
Package: amsthm 2020/05/29 v2.20.6
\thm@style=\toks39
\thm@bodyfont=\toks40
\thm@headfont=\toks41
\thm@notefont=\toks42
\thm@headpunct=\toks43
\thm@preskip=\skip62
\thm@postskip=\skip63
\thm@headsep=\skip64
\dth@everypar=\toks44
)
\c@theorem=\count333
)
(/Users/matteofranchini/Library/Application Support/MiKTeX/texmfs/install/tex/l
atex/beamer/beamerbasethemes.sty))
(/Users/matteofranchini/Library/Application Support/MiKTeX/texmfs/install/tex/l
atex/beamer/beamerthemedefault.sty
(/Users/matteofranchini/Library/Application Support/MiKTeX/texmfs/install/tex/l
atex/beamer/beamerfontthemedefault.sty)
(/Users/matteofranchini/Library/Application Support/MiKTeX/texmfs/install/tex/l
atex/beamer/beamercolorthemedefault.sty)
(/Users/matteofranchini/Library/Application Support/MiKTeX/texmfs/install/tex/l
atex/beamer/beamerinnerthemedefault.sty
\beamer@dima=\dimen292
\beamer@dimb=\dimen293
)
(/Users/matteofranchini/Library/Application Support/MiKTeX/texmfs/install/tex/l
atex/beamer/beamerouterthemedefault.sty)))
(/Users/matteofranchini/Library/Application Support/MiKTeX/texmfs/install/tex/l
atex/beamer/beamerthemeMadrid.sty
(/Users/matteofranchini/Library/Application Support/MiKTeX/texmfs/install/tex/l
atex/beamer/beamercolorthemewhale.sty)
(/Users/matteofranchini/Library/Application Support/MiKTeX/texmfs/install/tex/l
atex/beamer/beamercolorthemeorchid.sty)
(/Users/matteofranchini/Library/Application Support/MiKTeX/texmfs/install/tex/l
atex/beamer/beamerinnerthemerounded.sty)
(/Users/matteofranchini/Library/Application Support/MiKTeX/texmfs/install/tex/l
atex/beamer/beamerouterthemeinfolines.sty))
(/Users/matteofranchini/Library/Application Support/MiKTeX/texmfs/install/tex/l
atex/beamer/beamercolorthemebeaver.sty)
(/Users/matteofranchini/Library/Application Support/MiKTeX/texmfs/install/tex/l
atex/enumitem/enumitem.sty
Package: enumitem 2019/06/20 v3.9 Customized lists
\labelindent=\skip65
\enit@outerparindent=\dimen294
\enit@toks=\toks45
\enit@inbox=\box76
\enit@count@id=\count334
\enitdp@description=\count335
)
(/Users/matteofranchini/Library/Application Support/MiKTeX/texmfs/install/tex/g
eneric/babel/babel.sty
Package: babel 2023/02/13 3.86 The Babel package
\babel@savecnt=\count336
\U@D=\dimen295
\l@unhyphenated=\language79

(/Users/matteofranchini/Library/Application Support/MiKTeX/texmfs/install/tex/g
eneric/babel/txtbabel.def)
\bbl@readstream=\read3
LaTeX Info: Redefining \textlatin on input line 4088.
\bbl@dirlevel=\count337

*************************************
* Local config file bblopts.cfg used
*

(/Users/matteofranchini/Library/Application Support/MiKTeX/texmfs/install/tex/l
atex/arabi/bblopts.cfg
File: bblopts.cfg 2005/09/08 v0.1 add Arabic and Farsi to "declared" options of
 babel
)
(/Users/matteofranchini/Library/Application Support/MiKTeX/texmfs/install/tex/l
atex/babel-italian/italian.ldf
Language: italian 2022/03/27 v.1.4.07 Italian support for the babel system
\it@lettering=\count338
\it@doublequoteactive=\count339
\it@ISOcompliance=\count340
))
(/Users/matteofranchini/Library/Application Support/MiKTeX/texmfs/install/tex/g
eneric/babel/locale/it/babel-italian.tex
Package babel Info: Importing font and identification data for italian
(babel)             from babel-it.ini. Reported on input line 11.
)
(/Users/matteofranchini/Library/Application Support/MiKTeX/texmfs/install/tex/l
atex/base/fontenc.sty
Package: fontenc 2021/04/29 v2.0v Standard LaTeX package
)
(/Users/matteofranchini/Library/Application Support/MiKTeX/texmfs/install/tex/l
atex/tools/multicol.sty
Package: multicol 2021/11/30 v1.9d multicolumn formatting (FMi)
\c@tracingmulticols=\count341
\mult@box=\box77
\multicol@leftmargin=\dimen296
\c@unbalance=\count342
\c@collectmore=\count343
\doublecol@number=\count344
\multicoltolerance=\count345
\multicolpretolerance=\count346
\full@width=\dimen297
\page@free=\dimen298
\premulticols=\dimen299
\postmulticols=\dimen300
\multicolsep=\skip66
\multicolbaselineskip=\skip67
\partial@page=\box78
\last@line=\box79
\maxbalancingoverflow=\dimen301
\mult@rightbox=\box80
\mult@grightbox=\box81
\mult@firstbox=\box82
\mult@gfirstbox=\box83
\@tempa=\box84
\@tempa=\box85
\@tempa=\box86
\@tempa=\box87
\@tempa=\box88
\@tempa=\box89
\@tempa=\box90
\@tempa=\box91
\@tempa=\box92
\@tempa=\box93
\@tempa=\box94
\@tempa=\box95
\@tempa=\box96
\@tempa=\box97
\@tempa=\box98
\@tempa=\box99
\@tempa=\box100
\@tempa=\box101
\@tempa=\box102
\@tempa=\box103
\@tempa=\box104
\@tempa=\box105
\@tempa=\box106
\@tempa=\box107
\@tempa=\box108
\@tempa=\box109
\@tempa=\box110
\@tempa=\box111
\@tempa=\box112
\@tempa=\box113
\@tempa=\box114
\@tempa=\box115
\@tempa=\box116
\@tempa=\box117
\@tempa=\box118
\@tempa=\box119
\c@minrows=\count347
\c@columnbadness=\count348
\c@finalcolumnbadness=\count349
\last@try=\dimen302
\multicolovershoot=\dimen303
\multicolundershoot=\dimen304
\mult@nat@firstbox=\box120
\colbreak@box=\box121
\mc@col@check@num=\count350
)
(/Users/matteofranchini/Library/Application Support/MiKTeX/texmfs/install/tex/l
atex/tools/verbatim.sty
Package: verbatim 2022-07-02 v1.5u LaTeX2e package for verbatim enhancements
\every@verbatim=\toks46
\verbatim@line=\toks47
\verbatim@in@stream=\read4
)
(/Users/matteofranchini/Library/Application Support/MiKTeX/texmfs/install/tex/l
atex/l3backend/l3backend-pdftex.def
File: l3backend-pdftex.def 2023-01-16 L3 backend support: PDF output (pdfTeX)
\l__color_backend_stack_int=\count351
\l__pdf_internal_box=\box122
) (Ripasso Sistemi Operativi.aux)
\openout1 = `"Ripasso Sistemi Operativi.aux"'.

LaTeX Font Info:    Checking defaults for OML/cmm/m/it on input line 44.
LaTeX Font Info:    ... okay on input line 44.
LaTeX Font Info:    Checking defaults for OMS/cmsy/m/n on input line 44.
LaTeX Font Info:    ... okay on input line 44.
LaTeX Font Info:    Checking defaults for OT1/cmr/m/n on input line 44.
LaTeX Font Info:    ... okay on input line 44.
LaTeX Font Info:    Checking defaults for T1/cmr/m/n on input line 44.
LaTeX Font Info:    ... okay on input line 44.
LaTeX Font Info:    Checking defaults for TS1/cmr/m/n on input line 44.
LaTeX Font Info:    ... okay on input line 44.
LaTeX Font Info:    Checking defaults for OMX/cmex/m/n on input line 44.
LaTeX Font Info:    ... okay on input line 44.
LaTeX Font Info:    Checking defaults for U/cmr/m/n on input line 44.
LaTeX Font Info:    ... okay on input line 44.
LaTeX Font Info:    Checking defaults for PD1/pdf/m/n on input line 44.
LaTeX Font Info:    ... okay on input line 44.
LaTeX Font Info:    Checking defaults for PU/pdf/m/n on input line 44.
LaTeX Font Info:    ... okay on input line 44.

*geometry* driver: auto-detecting
*geometry* detected driver: pdftex
*geometry* verbose mode - [ preamble ] result:
* driver: pdftex
* paper: custom
* layout: <same size as paper>
* layoutoffset:(h,v)=(0.0pt,0.0pt)
* modes: includehead includefoot 
* h-part:(L,W,R)=(10.95003pt, 342.2953pt, 10.95003pt)
* v-part:(T,H,B)=(0.0pt, 273.14662pt, 0.0pt)
* \paperwidth=364.19536pt
* \paperheight=273.14662pt
* \textwidth=342.2953pt
* \textheight=244.6939pt
* \oddsidemargin=-61.31996pt
* \evensidemargin=-61.31996pt
* \topmargin=-72.26999pt
* \headheight=14.22636pt
* \headsep=0.0pt
* \topskip=11.0pt
* \footskip=14.22636pt
* \marginparwidth=4.0pt
* \marginparsep=10.0pt
* \columnsep=10.0pt
* \skip\footins=10.0pt plus 4.0pt minus 2.0pt
* \hoffset=0.0pt
* \voffset=0.0pt
* \mag=1000
* \@twocolumnfalse
* \@twosidefalse
* \@mparswitchfalse
* \@reversemarginfalse
* (1in=72.27pt=25.4mm, 1cm=28.453pt)


(/Users/matteofranchini/Library/Application Support/MiKTeX/texmfs/install/tex/c
ontext/base/mkii/supp-pdf.mkii
[Loading MPS to PDF converter (version 2006.09.02).]
\scratchcounter=\count352
\scratchdimen=\dimen305
\scratchbox=\box123
\nofMPsegments=\count353
\nofMParguments=\count354
\everyMPshowfont=\toks48
\MPscratchCnt=\count355
\MPscratchDim=\dimen306
\MPnumerator=\count356
\makeMPintoPDFobject=\count357
\everyMPtoPDFconversion=\toks49
)
(/Users/matteofranchini/Library/Application Support/MiKTeX/texmfs/install/tex/l
atex/epstopdf-pkg/epstopdf-base.sty
Package: epstopdf-base 2020-01-24 v2.11 Base part for package epstopdf
Package epstopdf-base Info: Redefining graphics rule for `.eps' on input line 4
85.

(/Users/matteofranchini/Library/Application Support/MiKTeX/texmfs/install/tex/l
atex/00miktex/epstopdf-sys.cfg
File: epstopdf-sys.cfg 2021/03/18 v2.0 Configuration of epstopdf for MiKTeX
))
Package hyperref Info: Link coloring OFF on input line 44.
 (Ripasso Sistemi Operativi.out)
(Ripasso Sistemi Operativi.out)
\@outlinefile=\write5
\openout5 = `"Ripasso Sistemi Operativi.out"'.

LaTeX Font Info:    Overwriting symbol font `operators' in version `normal'
(Font)                  OT1/cmr/m/n --> OT1/cmss/m/n on input line 44.
LaTeX Font Info:    Overwriting symbol font `operators' in version `bold'
(Font)                  OT1/cmr/bx/n --> OT1/cmss/b/n on input line 44.
\symnumbers=\mathgroup6
\sympureletters=\mathgroup7
LaTeX Font Info:    Overwriting math alphabet `\mathrm' in version `normal'
(Font)                  OT1/cmss/m/n --> T1/cmr/m/n on input line 44.
LaTeX Font Info:    Redeclaring math alphabet \mathbf on input line 44.
LaTeX Font Info:    Overwriting math alphabet `\mathbf' in version `normal'
(Font)                  OT1/cmr/bx/n --> T1/cmss/b/n on input line 44.
LaTeX Font Info:    Overwriting math alphabet `\mathbf' in version `bold'
(Font)                  OT1/cmr/bx/n --> T1/cmss/b/n on input line 44.
LaTeX Font Info:    Redeclaring math alphabet \mathsf on input line 44.
LaTeX Font Info:    Overwriting math alphabet `\mathsf' in version `normal'
(Font)                  OT1/cmss/m/n --> T1/cmss/m/n on input line 44.
LaTeX Font Info:    Overwriting math alphabet `\mathsf' in version `bold'
(Font)                  OT1/cmss/bx/n --> T1/cmss/m/n on input line 44.
LaTeX Font Info:    Redeclaring math alphabet \mathit on input line 44.
LaTeX Font Info:    Overwriting math alphabet `\mathit' in version `normal'
(Font)                  OT1/cmr/m/it --> T1/cmss/m/it on input line 44.
LaTeX Font Info:    Overwriting math alphabet `\mathit' in version `bold'
(Font)                  OT1/cmr/bx/it --> T1/cmss/m/it on input line 44.
LaTeX Font Info:    Redeclaring math alphabet \mathtt on input line 44.
LaTeX Font Info:    Overwriting math alphabet `\mathtt' in version `normal'
(Font)                  OT1/cmtt/m/n --> T1/cmtt/m/n on input line 44.
LaTeX Font Info:    Overwriting math alphabet `\mathtt' in version `bold'
(Font)                  OT1/cmtt/m/n --> T1/cmtt/m/n on input line 44.
LaTeX Font Info:    Overwriting symbol font `numbers' in version `bold'
(Font)                  T1/cmss/m/n --> T1/cmss/b/n on input line 44.
LaTeX Font Info:    Overwriting symbol font `pureletters' in version `bold'
(Font)                  T1/cmss/m/it --> T1/cmss/b/it on input line 44.
LaTeX Font Info:    Overwriting math alphabet `\mathrm' in version `bold'
(Font)                  OT1/cmss/b/n --> T1/cmr/b/n on input line 44.
LaTeX Font Info:    Overwriting math alphabet `\mathbf' in version `bold'
(Font)                  T1/cmss/b/n --> T1/cmss/b/n on input line 44.
LaTeX Font Info:    Overwriting math alphabet `\mathsf' in version `bold'
(Font)                  T1/cmss/m/n --> T1/cmss/b/n on input line 44.
LaTeX Font Info:    Overwriting math alphabet `\mathit' in version `bold'
(Font)                  T1/cmss/m/it --> T1/cmss/b/it on input line 44.
LaTeX Font Info:    Overwriting math alphabet `\mathtt' in version `bold'
(Font)                  T1/cmtt/m/n --> T1/cmtt/b/n on input line 44.
LaTeX Font Info:    Redeclaring symbol font `pureletters' on input line 44.
LaTeX Font Info:    Encoding `T1' has changed to `OT1' for symbol font
(Font)              `pureletters' in the math version `normal' on input line 44
.
LaTeX Font Info:    Overwriting symbol font `pureletters' in version `normal'
(Font)                  T1/cmss/m/it --> OT1/mathkerncmss/m/sl on input line 44
.
LaTeX Font Info:    Encoding `T1' has changed to `OT1' for symbol font
(Font)              `pureletters' in the math version `bold' on input line 44.
LaTeX Font Info:    Overwriting symbol font `pureletters' in version `bold'
(Font)                  T1/cmss/b/it --> OT1/mathkerncmss/m/sl on input line 44
.
LaTeX Font Info:    Overwriting symbol font `pureletters' in version `bold'
(Font)                  OT1/mathkerncmss/m/sl --> OT1/mathkerncmss/bx/sl on inp
ut line 44.

(/Users/matteofranchini/Library/Application Support/MiKTeX/texmfs/install/tex/l
atex/translator/translator-basic-dictionary-English.dict
Dictionary: translator-basic-dictionary, Language: English 
)
(/Users/matteofranchini/Library/Application Support/MiKTeX/texmfs/install/tex/l
atex/translator/translator-bibliography-dictionary-English.dict
Dictionary: translator-bibliography-dictionary, Language: English 
)
(/Users/matteofranchini/Library/Application Support/MiKTeX/texmfs/install/tex/l
atex/translator/translator-environment-dictionary-English.dict
Dictionary: translator-environment-dictionary, Language: English 
)
(/Users/matteofranchini/Library/Application Support/MiKTeX/texmfs/install/tex/l
atex/translator/translator-months-dictionary-English.dict
Dictionary: translator-months-dictionary, Language: English 
)
(/Users/matteofranchini/Library/Application Support/MiKTeX/texmfs/install/tex/l
atex/translator/translator-numbers-dictionary-English.dict
Dictionary: translator-numbers-dictionary, Language: English 
)
(/Users/matteofranchini/Library/Application Support/MiKTeX/texmfs/install/tex/l
atex/translator/translator-theorem-dictionary-English.dict
Dictionary: translator-theorem-dictionary, Language: English 
)
LaTeX Info: Redefining \it@ocap on input line 44.
LaTeX Info: Redefining \it@ccap on input line 44.

(Ripasso Sistemi Operativi.nav) [1

{/Users/matteofranchini/Library/Application Support/MiKTeX/texmfs/data/fonts/ma
p/pdftex/pdftex.map}]
(Ripasso Sistemi Operativi.toc) [2

] (Ripasso Sistemi Operativi.toc) [3

]
LaTeX Font Info:    Trying to load font information for U+msa on input line 65.


(/Users/matteofranchini/Library/Application Support/MiKTeX/texmfs/install/tex/l
atex/amsfonts/umsa.fd
File: umsa.fd 2013/01/14 v3.01 AMS symbols A
)
LaTeX Font Info:    Trying to load font information for U+msb on input line 65.


(/Users/matteofranchini/Library/Application Support/MiKTeX/texmfs/install/tex/l
atex/amsfonts/umsb.fd
File: umsb.fd 2013/01/14 v3.01 AMS symbols B
)
LaTeX Font Info:    Trying to load font information for OT1+mathkerncmss on inp
ut line 65.

(/Users/matteofranchini/Library/Application Support/MiKTeX/texmfs/install/tex/l
atex/sansmathaccent/ot1mathkerncmss.fd
File: ot1mathkerncmss.fd 2020/01/31 Fontinst v1.933 font definitions for OT1/ma
thkerncmss.
) [4

] [5

] [6

] [7

] [8

] [9

] [10

]
<../../Screen slide/Screenshot 2023-08-16 alle 21.38.15.png, id=921, 1149.29375
pt x 407.5225pt>
File: ../../Screen slide/Screenshot 2023-08-16 alle 21.38.15.png Graphic file (
type png)
<use ../../Screen slide/Screenshot 2023-08-16 alle 21.38.15.png>
Package pdftex.def Info: ../../Screen slide/Screenshot 2023-08-16 alle 21.38.15
.png  used on input line 139.
(pdftex.def)             Requested size: 342.2953pt x 121.36847pt.
 [11

 <../../Screen slide/Screenshot 2023-08-16 alle 21.38.15.png>] [12

] [13

] [14

]
Overfull \vbox (2.9648pt too high) detected at line 179
 []

[15

] [16

] [17

] [18

] [19

] [20

]
<../../Screen slide/Screenshot 2023-08-16 alle 22.15.22.png, id=1299, 743.77875
pt x 606.265pt>
File: ../../Screen slide/Screenshot 2023-08-16 alle 22.15.22.png Graphic file (
type png)
<use ../../Screen slide/Screenshot 2023-08-16 alle 22.15.22.png>
Package pdftex.def Info: ../../Screen slide/Screenshot 2023-08-16 alle 22.15.22
.png  used on input line 247.
(pdftex.def)             Requested size: 205.37926pt x 167.40332pt.

Overfull \vbox (2.1763pt too high) detected at line 247
 []

[21

 <../../Screen slide/Screenshot 2023-08-16 alle 22.15.22.png>] [22

] [23

]
<../../Screen slide/Screenshot 2023-08-17 alle 10.01.59.png, id=1400, 973.6375p
t x 614.295pt>
File: ../../Screen slide/Screenshot 2023-08-17 alle 10.01.59.png Graphic file (
type png)
<use ../../Screen slide/Screenshot 2023-08-17 alle 10.01.59.png>
Package pdftex.def Info: ../../Screen slide/Screenshot 2023-08-17 alle 10.01.59
.png  used on input line 267.
(pdftex.def)             Requested size: 239.60567pt x 151.17378pt.

[24

 <../../Screen slide/Screenshot 2023-08-17 alle 10.01.59.png>] [25

]
<../../Screen slide/Screenshot 2023-08-17 alle 10.15.15.png, id=1461, 831.105pt
 x 424.58624pt>
File: ../../Screen slide/Screenshot 2023-08-17 alle 10.15.15.png Graphic file (
type png)
<use ../../Screen slide/Screenshot 2023-08-17 alle 10.15.15.png>
Package pdftex.def Info: ../../Screen slide/Screenshot 2023-08-17 alle 10.15.15
.png  used on input line 289.
(pdftex.def)             Requested size: 308.06367pt x 157.3795pt.
 [26

 <../../Screen slide/Screenshot 2023-08-17 alle 10.15.15.png>] [27

] [28

] [29

]
[30

] [31

] [32

] [33

] [34

]
<../../Screen slide/Screenshot 2023-08-17 alle 11.36.02.png, id=1772, 868.24374
pt x 174.6525pt>
File: ../../Screen slide/Screenshot 2023-08-17 alle 11.36.02.png Graphic file (
type png)
<use ../../Screen slide/Screenshot 2023-08-17 alle 11.36.02.png>
Package pdftex.def Info: ../../Screen slide/Screenshot 2023-08-17 alle 11.36.02
.png  used on input line 376.
(pdftex.def)             Requested size: 273.83728pt x 55.08511pt.
 [35

 <../../Screen slide/Screenshot 2023-08-17 alle 11.36.02.png>] [36

] [37

] [38

] [39

] [40

] [41

] [42

] [43

] [44

] [45

] [46

] [47

]
[48

] [49

] [50

] (Ripasso Sistemi Operativi.toc) [51

] [52

] [53

] [54

] [55

]
[56

] [57

] [58

] [59

] [60

] [61

] (Ripasso Sistemi Operativi.toc) [62

] [63

]
<../../../../../../OneDrive-Universit^^c3^^a0degliStudidiParma/Universit^^c3^^a
0/Appunti e slide/II anno/Screen slide/Screenshot 2023-08-19 alle 21.27.04.png,
 id=2695, 864.22874pt x 470.75874pt>
File: ../../../../../../OneDrive-Universit^^c3^^a0degliStudidiParma/Universit^^
c3^^a0/Appunti e slide/II anno/Screen slide/Screenshot 2023-08-19 alle 21.27.04
.png Graphic file (type png)
<use ../../../../../../OneDrive-Universit^^c3^^a0degliStudidiParma/Universit^^c
3^^a0/Appunti e slide/II anno/Screen slide/Screenshot 2023-08-19 alle 21.27.04.
png>
Package pdftex.def Info: ../../../../../../OneDrive-Universit^^c3^^a0degliStudi
diParma/Universit^^c3^^a0/Appunti e slide/II anno/Screen slide/Screenshot 2023-
08-19 alle 21.27.04.png  used on input line 615.
(pdftex.def)             Requested size: 273.83728pt x 149.15895pt.

Overfull \vbox (8.39505pt too high) detected at line 615
 []

[64

 <../../../../../../OneDrive-UniversitàdegliStudidiParma/Università/Appunti e
 slide/II anno/Screen slide/Screenshot 2023-08-19 alle 21.27.04.png>]
[65

]
Overfull \vbox (3.57306pt too high) detected at line 638
 []

[66

] [67

]
<../../../../../../OneDrive-Universit^^c3^^a0degliStudidiParma/Universit^^c3^^a
0/Appunti e slide/II anno/Screen slide/Screenshot 2023-08-19 alle 21.42.56.png,
 id=2814, 1090.0725pt x 385.44pt>
File: ../../../../../../OneDrive-Universit^^c3^^a0degliStudidiParma/Universit^^
c3^^a0/Appunti e slide/II anno/Screen slide/Screenshot 2023-08-19 alle 21.42.56
.png Graphic file (type png)
<use ../../../../../../OneDrive-Universit^^c3^^a0degliStudidiParma/Universit^^c
3^^a0/Appunti e slide/II anno/Screen slide/Screenshot 2023-08-19 alle 21.42.56.
png>
Package pdftex.def Info: ../../../../../../OneDrive-Universit^^c3^^a0degliStudi
diParma/Universit^^c3^^a0/Appunti e slide/II anno/Screen slide/Screenshot 2023-
08-19 alle 21.42.56.png  used on input line 649.
(pdftex.def)             Requested size: 273.83728pt x 96.82439pt.
 [68

 <../../../../../../OneDrive-UniversitàdegliStudidiParma/Università/Appunti e
 slide/II anno/Screen slide/Screenshot 2023-08-19 alle 21.42.56.png>] [69

] (Ripasso Sistemi Operativi.toc) [70

] [71

] [72

] [73

] [74

] [75

]
LaTeX Font Info:    Trying to load font information for T1+cmtt on input line 7
10.

(/Users/matteofranchini/Library/Application Support/MiKTeX/texmfs/install/tex/l
atex/base/t1cmtt.fd
File: t1cmtt.fd 2022/07/10 v2.5l Standard LaTeX font definitions
) [76

] [77

] [78

] [79

] [80

] [81

] [82

] [83

] [84

] [85

]
<../../../../../../OneDrive-Universit^^c3^^a0degliStudidiParma/Universit^^c3^^a
0/Appunti e slide/II anno/Screen slide/Screenshot 2023-08-19 alle 23.08.11.png,
 id=3341, 770.88pt x 677.53125pt>
File: ../../../../../../OneDrive-Universit^^c3^^a0degliStudidiParma/Universit^^
c3^^a0/Appunti e slide/II anno/Screen slide/Screenshot 2023-08-19 alle 23.08.11
.png Graphic file (type png)
<use ../../../../../../OneDrive-Universit^^c3^^a0degliStudidiParma/Universit^^c
3^^a0/Appunti e slide/II anno/Screen slide/Screenshot 2023-08-19 alle 23.08.11.
png>
Package pdftex.def Info: ../../../../../../OneDrive-Universit^^c3^^a0degliStudi
diParma/Universit^^c3^^a0/Appunti e slide/II anno/Screen slide/Screenshot 2023-
08-19 alle 23.08.11.png  used on input line 816.
(pdftex.def)             Requested size: 239.60567pt x 210.59077pt.

Overfull \vbox (1.82684pt too high) detected at line 816
 []

[86

 <../../../../../../OneDrive-UniversitàdegliStudidiParma/Università/Appunti e
 slide/II anno/Screen slide/Screenshot 2023-08-19 alle 23.08.11.png>]
<../../../../../../OneDrive-Universit^^c3^^a0degliStudidiParma/Universit^^c3^^a
0/Appunti e slide/II anno/Screen slide/Screenshot 2023-08-19 alle 23.08.20.png,
 id=3372, 1080.035pt x 608.2725pt>
File: ../../../../../../OneDrive-Universit^^c3^^a0degliStudidiParma/Universit^^
c3^^a0/Appunti e slide/II anno/Screen slide/Screenshot 2023-08-19 alle 23.08.20
.png Graphic file (type png)
<use ../../../../../../OneDrive-Universit^^c3^^a0degliStudidiParma/Universit^^c
3^^a0/Appunti e slide/II anno/Screen slide/Screenshot 2023-08-19 alle 23.08.20.
png>
Package pdftex.def Info: ../../../../../../OneDrive-Universit^^c3^^a0degliStudi
diParma/Universit^^c3^^a0/Appunti e slide/II anno/Screen slide/Screenshot 2023-
08-19 alle 23.08.20.png  used on input line 823.
(pdftex.def)             Requested size: 273.83728pt x 154.22105pt.

[87

 <../../../../../../OneDrive-UniversitàdegliStudidiParma/Università/Appunti e
 slide/II anno/Screen slide/Screenshot 2023-08-19 alle 23.08.20.png>]
[88

]
<../../../../../../OneDrive-Universit^^c3^^a0degliStudidiParma/Universit^^c3^^a
0/Appunti e slide/II anno/Screen slide/Screenshot 2023-08-19 alle 23.08.31.png,
 id=3433, 1077.02374pt x 641.39626pt>
File: ../../../../../../OneDrive-Universit^^c3^^a0degliStudidiParma/Universit^^
c3^^a0/Appunti e slide/II anno/Screen slide/Screenshot 2023-08-19 alle 23.08.31
.png Graphic file (type png)
<use ../../../../../../OneDrive-Universit^^c3^^a0degliStudidiParma/Universit^^c
3^^a0/Appunti e slide/II anno/Screen slide/Screenshot 2023-08-19 alle 23.08.31.
png>
Package pdftex.def Info: ../../../../../../OneDrive-Universit^^c3^^a0degliStudi
diParma/Universit^^c3^^a0/Appunti e slide/II anno/Screen slide/Screenshot 2023-
08-19 alle 23.08.31.png  used on input line 834.
(pdftex.def)             Requested size: 273.83728pt x 163.07921pt.
 [89

 <../../../../../../OneDrive-UniversitàdegliStudidiParma/Università/Appunti e
 slide/II anno/Screen slide/Screenshot 2023-08-19 alle 23.08.31.png>]
[90

]
<../../../../../../OneDrive-Universit^^c3^^a0degliStudidiParma/Universit^^c3^^a
0/Appunti e slide/II anno/Screen slide/Screenshot 2023-08-19 alle 23.08.41.png,
 id=3490, 1034.86626pt x 566.115pt>
File: ../../../../../../OneDrive-Universit^^c3^^a0degliStudidiParma/Universit^^
c3^^a0/Appunti e slide/II anno/Screen slide/Screenshot 2023-08-19 alle 23.08.41
.png Graphic file (type png)
<use ../../../../../../OneDrive-Universit^^c3^^a0degliStudidiParma/Universit^^c
3^^a0/Appunti e slide/II anno/Screen slide/Screenshot 2023-08-19 alle 23.08.41.
png>
Package pdftex.def Info: ../../../../../../OneDrive-Universit^^c3^^a0degliStudi
diParma/Universit^^c3^^a0/Appunti e slide/II anno/Screen slide/Screenshot 2023-
08-19 alle 23.08.41.png  used on input line 848.
(pdftex.def)             Requested size: 273.83728pt x 149.79517pt.
 [91

 <../../../../../../OneDrive-UniversitàdegliStudidiParma/Università/Appunti e
 slide/II anno/Screen slide/Screenshot 2023-08-19 alle 23.08.41.png>]
[92

] [93

] [94

] [95

] [96

] [97

] [98

] [99

] [100

] [101

]
(Ripasso Sistemi Operativi.toc) [102

] [103

] [104

] [105

] [106

] [107

] [108

]
<../../../../../../OneDrive-Universit^^c3^^a0degliStudidiParma/Universit^^c3^^a
0/Appunti e slide/II anno/Screen slide/Screenshot 2023-08-20 alle 10.34.02.png,
 id=4020, 726.715pt x 361.35pt>
File: ../../../../../../OneDrive-Universit^^c3^^a0degliStudidiParma/Universit^^
c3^^a0/Appunti e slide/II anno/Screen slide/Screenshot 2023-08-20 alle 10.34.02
.png Graphic file (type png)
<use ../../../../../../OneDrive-Universit^^c3^^a0degliStudidiParma/Universit^^c
3^^a0/Appunti e slide/II anno/Screen slide/Screenshot 2023-08-20 alle 10.34.02.
png>
Package pdftex.def Info: ../../../../../../OneDrive-Universit^^c3^^a0degliStudi
diParma/Universit^^c3^^a0/Appunti e slide/II anno/Screen slide/Screenshot 2023-
08-20 alle 10.34.02.png  used on input line 954.
(pdftex.def)             Requested size: 273.83728pt x 136.16205pt.

[109

 <../../../../../../OneDrive-UniversitàdegliStudidiParma/Università/Appunti e
 slide/II anno/Screen slide/Screenshot 2023-08-20 alle 10.34.02.png>]
<../../../../../../OneDrive-Universit^^c3^^a0degliStudidiParma/Universit^^c3^^a
0/Appunti e slide/II anno/Screen slide/Screenshot 2023-08-20 alle 10.35.40.png,
 id=4052, 862.22125pt x 561.09625pt>
File: ../../../../../../OneDrive-Universit^^c3^^a0degliStudidiParma/Universit^^
c3^^a0/Appunti e slide/II anno/Screen slide/Screenshot 2023-08-20 alle 10.35.40
.png Graphic file (type png)
<use ../../../../../../OneDrive-Universit^^c3^^a0degliStudidiParma/Universit^^c
3^^a0/Appunti e slide/II anno/Screen slide/Screenshot 2023-08-20 alle 10.35.40.
png>
Package pdftex.def Info: ../../../../../../OneDrive-Universit^^c3^^a0degliStudi
diParma/Universit^^c3^^a0/Appunti e slide/II anno/Screen slide/Screenshot 2023-
08-20 alle 10.35.40.png  used on input line 963.
(pdftex.def)             Requested size: 239.60567pt x 155.92436pt.

Overfull \vbox (2.93446pt too high) detected at line 963
 []

[110

 <../../../../../../OneDrive-UniversitàdegliStudidiParma/Università/Appunti e
 slide/II anno/Screen slide/Screenshot 2023-08-20 alle 10.35.40.png>]
[111

] [112

] [113

] [114

] (Ripasso Sistemi Operativi.toc) [115

] [116

] [117

]
[118

] [119

] [120

] [121

] [122

] [123

] [124

] [125

] [126

] [127

] [128

] [129

]
[130

] [131

] [132

] [133

] [134

] [135

] [136

] [137

] [138

] [139

] [140

] [141

]
[142

]
<../../../../../../OneDrive-Universit^^c3^^a0degliStudidiParma/Universit^^c3^^a
0/Appunti e slide/II anno/Screen slide/Screenshot 2023-08-21 alle 19.38.02.png,
 id=5065, 1085.05376pt x 491.8375pt>
File: ../../../../../../OneDrive-Universit^^c3^^a0degliStudidiParma/Universit^^
c3^^a0/Appunti e slide/II anno/Screen slide/Screenshot 2023-08-21 alle 19.38.02
.png Graphic file (type png)
<use ../../../../../../OneDrive-Universit^^c3^^a0degliStudidiParma/Universit^^c
3^^a0/Appunti e slide/II anno/Screen slide/Screenshot 2023-08-21 alle 19.38.02.
png>
Package pdftex.def Info: ../../../../../../OneDrive-Universit^^c3^^a0degliStudi
diParma/Universit^^c3^^a0/Appunti e slide/II anno/Screen slide/Screenshot 2023-
08-21 alle 19.38.02.png  used on input line 1286.
(pdftex.def)             Requested size: 342.2953pt x 155.15477pt.
 [143

 <../../../../../../OneDrive-UniversitàdegliStudidiParma/Università/Appunti e
 slide/II anno/Screen slide/Screenshot 2023-08-21 alle 19.38.02.png>]
<../../../../../../OneDrive-Universit^^c3^^a0degliStudidiParma/Universit^^c3^^a
0/Appunti e slide/II anno/Screen slide/Screenshot 2023-08-21 alle 19.37.54.png,
 id=5096, 1079.03125pt x 490.83376pt>
File: ../../../../../../OneDrive-Universit^^c3^^a0degliStudidiParma/Universit^^
c3^^a0/Appunti e slide/II anno/Screen slide/Screenshot 2023-08-21 alle 19.37.54
.png Graphic file (type png)
<use ../../../../../../OneDrive-Universit^^c3^^a0degliStudidiParma/Universit^^c
3^^a0/Appunti e slide/II anno/Screen slide/Screenshot 2023-08-21 alle 19.37.54.
png>
Package pdftex.def Info: ../../../../../../OneDrive-Universit^^c3^^a0degliStudi
diParma/Universit^^c3^^a0/Appunti e slide/II anno/Screen slide/Screenshot 2023-
08-21 alle 19.37.54.png  used on input line 1293.
(pdftex.def)             Requested size: 342.2953pt x 155.70691pt.
[144

 <../../../../../../OneDrive-UniversitàdegliStudidiParma/Università/Appunti e
 slide/II anno/Screen slide/Screenshot 2023-08-21 alle 19.37.54.png>]
[145

] [146

] [147

] [148

] [149

] [150

] [151

] [152

] [153

] [154

] [155

] [156

]
[157

] [158

] [159

] [160

] [161

] [162

] [163

] [164

] [165

] [166

]
\tf@nav=\write6
\openout6 = `"Ripasso Sistemi Operativi.nav"'.

\tf@toc=\write7
\openout7 = `"Ripasso Sistemi Operativi.toc"'.

\tf@snm=\write8
\openout8 = `"Ripasso Sistemi Operativi.snm"'.


(Ripasso Sistemi Operativi.aux)

Package rerunfilecheck Warning: File `"Ripasso Sistemi Operativi".out' has chan
ged.
(rerunfilecheck)                Rerun to get outlines right
(rerunfilecheck)                or use package `bookmark'.

Package rerunfilecheck Info: Checksums for `"Ripasso Sistemi Operativi".out':
(rerunfilecheck)             Before: 969395EA38E07130D87C276C539426C6;28501
(rerunfilecheck)             After:  100AE87FF55F4B4FF4AC3F16AC8950DC;28802.
 ) 
Here is how much of TeX's memory you used:
 25299 strings out of 476339
 521208 string characters out of 5774840
 1865388 words of memory out of 5000000
 44683 multiletter control sequences out of 15000+600000
 528975 words of font info for 68 fonts, out of 8000000 for 9000
 1141 hyphenation exceptions out of 8191
 128i,15n,122p,448b,642s stack positions out of 10000i,1000n,20000p,200000b,200000s
 </Users/matteofranchini/Library/Application Support/MiKTeX/texmfs/data/fonts
/pk/ljfour/jknappen/ec/dpi600/ectt1095.pk> </Users/matteofranchini/Library/Appl
ication Support/MiKTeX/texmfs/data/fonts/pk/ljfour/jknappen/ec/dpi600/ecss1200.
pk> </Users/matteofranchini/Library/Application Support/MiKTeX/texmfs/data/font
s/pk/ljfour/jknappen/ec/dpi600/ecso1095.pk> </Users/matteofranchini/Library/App
lication Support/MiKTeX/texmfs/data/fonts/pk/ljfour/jknappen/ec/dpi600/ecsi1095
.pk> </Users/matteofranchini/Library/Application Support/MiKTeX/texmfs/data/fon
ts/pk/ljfour/jknappen/ec/dpi600/ecsx1095.pk> </Users/matteofranchini/Library/Ap
plication Support/MiKTeX/texmfs/data/fonts/pk/ljfour/jknappen/ec/dpi600/ecsx144
0.pk> </Users/matteofranchini/Library/Application Support/MiKTeX/texmfs/data/fo
nts/pk/ljfour/jknappen/ec/dpi600/ecss0900.pk> </Users/matteofranchini/Library/A
pplication Support/MiKTeX/texmfs/data/fonts/pk/ljfour/jknappen/ec/dpi600/ecss06
00.pk> </Users/matteofranchini/Library/Application Support/MiKTeX/texmfs/data/f
onts/pk/ljfour/jknappen/ec/dpi600/ecss1095.pk> </Users/matteofranchini/Library/
Application Support/MiKTeX/texmfs/data/fonts/pk/ljfour/jknappen/ec/dpi600/ecss1
440.pk></Users/matteofranchini/Library/Application Support/MiKTeX/texmfs/instal
l/fonts/type1/public/amsfonts/cm/cmmi10.pfb></Users/matteofranchini/Library/App
lication Support/MiKTeX/texmfs/install/fonts/type1/public/amsfonts/cm/cmss10.pf
b></Users/matteofranchini/Library/Application Support/MiKTeX/texmfs/install/fon
ts/type1/public/amsfonts/cm/cmssi10.pfb></Users/matteofranchini/Library/Applica
tion Support/MiKTeX/texmfs/install/fonts/type1/public/amsfonts/cm/cmssi8.pfb></
Users/matteofranchini/Library/Application Support/MiKTeX/texmfs/install/fonts/t
ype1/public/amsfonts/cm/cmsy10.pfb>
Output written on "Ripasso Sistemi Operativi.pdf" (166 pages, 4960109 bytes).
PDF statistics:
 6341 PDF objects out of 7423 (max. 8388607)
 481 named destinations out of 1000 (max. 500000)
 2222 words of extra memory for PDF output out of 10000 (max. 10000000)

